<?xml version="1.0" encoding="UTF-8"?>
<!-- Generated by org.testng.reporters.JUnitReportReporter -->
<testsuite hostname="Geeta_Laptop" failures="0" tests="3" name="com.qa.api.tests.CreateUserTest" time="7.452" errors="0" timestamp="2025-06-20T14:08:08 IST" skipped="0">
  <testcase classname="com.qa.api.tests.CreateUserTest" name="createUserwithJsonFileTest" time="1.089"/>
  <testcase classname="com.qa.api.tests.CreateUserTest" name="createUserTest" time="3.095"/>
  <testcase classname="com.qa.api.tests.CreateUserTest" name="createUserwithBuilderTest" time="3.268"/>
</testsuite> <!-- com.qa.api.tests.CreateUserTest -->
