<?xml version="1.0" encoding="UTF-8"?>
<!-- Generated by org.testng.reporters.JUnitReportReporter -->
<testsuite hostname="Geeta_Laptop" failures="0" tests="1" name="com.qa.basicauth.api.tests.BasicAuthTest" time="2.682" errors="0" timestamp="2025-09-07T11:45:47 IST" skipped="0">
  <testcase classname="com.qa.basicauth.api.tests.BasicAuthTest" name="basicAuthTest" time="2.682"/>
</testsuite> <!-- com.qa.basicauth.api.tests.BasicAuthTest -->
