<?xml version="1.0" encoding="UTF-8"?>
<!-- Generated by org.testng.reporters.JUnitReportReporter -->
<testsuite hostname="Geeta_Laptop" failures="0" tests="1" name="com.qa.fakestore.api.tests.getProductswithDeserilzation" time="3.642" errors="0" timestamp="2025-06-23T14:12:17 IST" skipped="0">
  <testcase classname="com.qa.fakestore.api.tests.getProductswithDeserilzation" name="getProductTest" time="3.642"/>
</testsuite> <!-- com.qa.fakestore.api.tests.getProductswithDeserilzation -->
