<?xml version="1.0" encoding="UTF-8"?>
<!-- Generated by org.testng.reporters.JUnitReportReporter -->
<testsuite hostname="Geeta_Laptop" failures="0" tests="1" name="com.qa.api.tests.DeleteUserTest" time="4.048" errors="0" timestamp="2025-06-20T14:08:08 IST" skipped="0">
  <testcase classname="com.qa.api.tests.DeleteUserTest" name="createUserwithBuilderTest" time="4.048"/>
</testsuite> <!-- com.qa.api.tests.DeleteUserTest -->
