<?xml version="1.0" encoding="UTF-8"?>
<!-- Generated by org.testng.reporters.JUnitReportReporter -->
<testsuite hostname="Geeta_Laptop" failures="0" tests="1" name="com.qa.api.tests.GetUserwithDeserializationTest" time="2.668" errors="0" timestamp="2025-06-20T15:04:17 IST" skipped="0">
  <testcase classname="com.qa.api.tests.GetUserwithDeserializationTest" name="getAllUsers" time="2.668"/>
</testsuite> <!-- com.qa.api.tests.GetUserwithDeserializationTest -->
