<?xml version="1.0" encoding="UTF-8"?>
<!-- Generated by org.testng.reporters.JUnitReportReporter -->
<testsuite hostname="Geeta_Laptop" failures="0" tests="2" name="com.qa.fakestore.api.tests.getProductsTest" time="2.312" errors="0" timestamp="2025-06-20T14:32:39 IST" skipped="0">
  <testcase classname="com.qa.fakestore.api.tests.getProductsTest" name="getProductLimitTest" time="1.683"/>
  <testcase classname="com.qa.fakestore.api.tests.getProductsTest" name="getProductTest" time="0.629"/>
</testsuite> <!-- com.qa.fakestore.api.tests.getProductsTest -->
