<?xml version="1.0" encoding="UTF-8"?>
<!-- Generated by org.testng.reporters.JUnitReportReporter -->
<testsuite hostname="Geeta_Laptop" failures="0" tests="1" name="com.qa.fakestore.api.tests.ProductAPITestwithJsonPathValidator" time="10.350" errors="0" timestamp="2025-06-23T14:45:58 IST" skipped="0">
  <testcase classname="com.qa.fakestore.api.tests.ProductAPITestwithJsonPathValidator" name="getProductTest" time="10.350"/>
</testsuite> <!-- com.qa.fakestore.api.tests.ProductAPITestwithJsonPathValidator -->
