<?xml version="1.0" encoding="UTF-8"?>
<!-- Generated by org.testng.reporters.JUnitReportReporter -->
<testsuite hostname="Geeta_Laptop" failures="0" tests="1" name="com.qa.api.tests.GetUserTest" time="1.221" errors="0" timestamp="2025-06-20T14:08:08 IST" skipped="0">
  <testcase classname="com.qa.api.tests.GetUserTest" name="getUserTest" time="1.221"/>
</testsuite> <!-- com.qa.api.tests.GetUserTest -->
